<html>
<body>
<pre>
<h1>µVision Build Log</h1>
<h2>Tool Versions:</h2>
IDE-Version: µVision V5.24.2.0
Copyright (C) 2017 ARM Ltd and ARM Germany GmbH. All rights reserved.
License Information: Sebastien Schiesser, ZHdK, LIC=3UUFV-PYEUV-D9NG7-C6757-21WVS-ZDPY5
 
Tool Versions:
Toolchain:       MDK-ARM Professional  Version: 5.24.1
Toolchain Path:  C:\Keil_v5\ARM\ARMCC\Bin
C Compiler:      Armcc.exe V5.06 update 5 (build 528)
Assembler:       Armasm.exe V5.06 update 5 (build 528)
Linker/Locator:  ArmLink.exe V5.06 update 5 (build 528)
Library Manager: ArmAr.exe V5.06 update 5 (build 528)
Hex Converter:   FromElf.exe V5.06 update 5 (build 528)
CPU DLL:         
Dialog DLL:      
Target DLL:      Segger\JL2CM3.dll V2.99.26.0
Dialog DLL:      TCM.DLL V1.32.0.0
 
<h2>Project:</h2>
C:\_code\uV\nRF5_SDK_14.2.0\projects\SoundingSoil\fatfs_with_sd\pca10040\blank\arm5_no_packs\fatfs_pca10040.uvprojx
Project File Date:  04/23/2018

<h2>Output:</h2>
*** Using Compiler 'V5.06 update 5 (build 528)', folder: 'C:\Keil_v5\ARM\ARMCC\Bin'
Build target 'nrf52832_xxaa'
compiling main.c...
..\..\..\main.c(81): error:  #77-D: this declaration has no storage class or type specifier
   SPI
..\..\..\main.c(82): error:  #65: expected a ";"
  static const nrf_drv_spi_t				adc_spi = NRF_DRV_SPI_INSTANCE(ADC_SPI_INSTANCE);
..\..\..\main.c(86): error:  #20: identifier "SYNC" is undefined
   SYNC TIMER
..\..\..\main.c(87): error:  #65: expected a ";"
  const nrf_drv_timer_t					ADC_SYNC_TIMER = NRF_DRV_TIMER_INSTANCE(ADC_SYNC_TIMER_INSTANCE);
..\..\..\main.c(88): error:  #20: identifier "AUDIO" is undefined
   AUDIO BUFFER
..\..\..\main.c(89): error:  #65: expected a ";"
  static uint8_t							m_tx_buf[2] = {0xFF, 0xFF};
..\..\..\main.c(144): error:  #20: identifier "GPS_NMEA_MAX_SIZE" is undefined
  	char raw_tag[GPS_NMEA_MAX_SIZE];
..\..\..\main.c(169): error:  #20: identifier "GPS_UART_RX_PIN" is undefined
  NRF_SERIAL_DRV_UART_CONFIG_DEF(m_uart0_drv_config,
..\..\..\main.c(179): error:  #20: identifier "UARTGPS_UART_INSTANCE_CONFIG_USE_EASY_DMA" is undefined
  
RF_SERIAL_UART_DEF(gps_uart, GPS_UART_INSTANCE);
..\..\..\main.c(179): error:  #20: identifier "NRF_UARTEGPS_UART_INSTANCE" is undefined
  
RF_SERIAL_UART_DEF(gps_uart, GPS_UART_INSTANCE);
..\..\..\main.c(179): error:  #44: expression must have pointer type
  
RF_SERIAL_UART_DEF(gps_uart, GPS_UART_INSTANCE);
..\..\..\main.c(179): error:  #20: identifier "NRF_UARTGPS_UART_INSTANCE" is undefined
  
RF_SERIAL_UART_DEF(gps_uart, GPS_UART_INSTANCE);
..\..\..\main.c(179): error:  #44: expression must have pointer type
  
RF_SERIAL_UART_DEF(gps_uart, GPS_UART_INSTANCE);
..\..\..\main.c(179): error:  #20: identifier "UARTGPS_UART_INSTANCE_INSTANCE_INDEX" is undefined
  
RF_SERIAL_UART_DEF(gps_uart, GPS_UART_INSTANCE);
..\..\..\main.c(301): error:  #20: identifier "GPS_NMEA_STOP_CHAR" is undefined
  		if(c == GPS_NMEA_STOP_CHAR) {
..\..\..\main.c(302): error:  #20: identifier "GPS_NMEA_START_CHAR" is undefined
  			if(uart_buf[0] == GPS_NMEA_START_CHAR) {
..\..\..\main.c(318): error:  #20: identifier "GPS_GGA_TOKEN_MAX" is undefined
  	char *tokens[GPS_GGA_TOKEN_MAX];
..\..\..\main.c(331): error:  #20: identifier "GPS_GGA_TIME_TOK" is undefined
  	strncpy(temp, tokens[GPS_GGA_TIME_TOK], len);
..\..\..\main.c(348): error:  #20: identifier "GPS_GGA_LAT_TOK" is undefined
  	strncpy(temp, tokens[GPS_GGA_LAT_TOK], len);
..\..\..\main.c(358): error:  #20: identifier "GPS_GGA_N_S_TOK" is undefined
  	if(strncmp(tokens[GPS_GGA_N_S_TOK], "N", 1) == 0) tag.latitude.north = true;
..\..\..\main.c(362): error:  #20: identifier "GPS_GGA_LONG_TOK" is undefined
  	strncpy(temp, tokens[GPS_GGA_LONG_TOK], len);
..\..\..\main.c(373): error:  #20: identifier "GPS_GGA_E_W_TOK" is undefined
  	if(strncmp(tokens[GPS_GGA_E_W_TOK], "E", 1) == 0) tag.longitude.east = true;
..\..\..\main.c(376): error:  #20: identifier "GPS_GGA_QUAL_TOK" is undefined
  	strncpy(temp, tokens[GPS_GGA_QUAL_TOK], strlen(tokens[GPS_GGA_QUAL_TOK]));
..\..\..\main.c(380): error:  #20: identifier "GPS_GGA_SAT_TOK" is undefined
  	len = strlen(tokens[GPS_GGA_SAT_TOK]);
..\..\..\main.c(385): error:  #20: identifier "GPS_GGA_DIL_TOK" is undefined
  	len = strlen(tokens[GPS_GGA_DIL_TOK]);
..\..\..\main.c(390): error:  #20: identifier "GPS_GGA_ALT_TOK" is undefined
  	len = strlen(tokens[GPS_GGA_ALT_TOK]);
..\..\..\main.c(394): error:  #20: identifier "GPS_GGA_ALT_UNIT_TOK" is undefined
  	if(strncmp(tokens[GPS_GGA_ALT_UNIT_TOK], "M", 1) == 0) tag.altitude.m_unit = true;
..\..\..\main.c(397): error:  #20: identifier "GPS_GGA_GEO_TOK" is undefined
  	len = strlen(tokens[GPS_GGA_GEO_TOK]);
..\..\..\main.c(401): error:  #20: identifier "GPS_GGA_GEO_UNIT_TOK" is undefined
  	if(strncmp(tokens[GPS_GGA_GEO_UNIT_TOK], "M", 1) == 0) tag.geoid.m_unit = true;
..\..\..\main.c(431): error:  #20: identifier "GPS_NMEA_STOP_CHAR" is undefined
  		if(c == GPS_NMEA_STOP_CHAR) { // found STOP char
..\..\..\main.c: 0 warnings, 30 errors
".\_build\nrf52832_xxaa.axf" - 30 Error(s), 0 Warning(s).

<h2>Software Packages used:</h2>

Package Vendor: ARM
                http://www.keil.com/pack/ARM.CMSIS.4.5.0.pack
                ARM.CMSIS.4.5.0
                CMSIS (Cortex Microcontroller Software Interface Standard)
   * Component: CORE Version: 4.3.0

Package Vendor: NordicSemiconductor
                http://developer.nordicsemi.com/nRF5_SDK/pieces/nRF_DeviceFamilyPack/NordicSemiconductor.nRF_DeviceFamilyPack.8.15.0.pack
                NordicSemiconductor.nRF_DeviceFamilyPack.8.15.0
                Nordic Semiconductor nRF ARM devices Device Family Pack.
   * Component: Startup Version: 8.15.0

<h2>Collection of Component include folders:</h2>
  .\RTE\_nrf52832_xxaa
  C:\Keil_v5\ARM\PACK\ARM\CMSIS\4.5.0\CMSIS\Include
  C:\Keil_v5\ARM\PACK\NordicSemiconductor\nRF_DeviceFamilyPack\8.15.0\Device\Include

<h2>Collection of Component Files used:</h2>

   * Component: NordicSemiconductor::Device:Startup:8.15.0
      Source file:   Device\Source\arm\arm_startup_nrf52.s
      Source file:   Device\Source\system_nrf52.c
      Include file:  Device\Include\system_nrf52.h

   * Component: ARM::CMSIS:CORE:4.3.0
Target not created.
Build Time Elapsed:  00:00:01
</pre>
</body>
</html>
